<?xml version="1.0" encoding="UTF-8"?>
<!-- Generated by org.testng.reporters.JUnitReportReporter -->
<testsuite hostname="DESKTOP-76M5JGF" failures="1" tests="4" name="RunnerClass" time="71.165" errors="0" timestamp="2024-05-11T16:36:48 IST" skipped="0">
  <testcase classname="RunnerClass" name="runScenario" time="21.631"/>
  <testcase classname="RunnerClass" name="runScenario" time="24.064"/>
  <testcase classname="RunnerClass" name="runScenario" time="12.260"/>
  <testcase classname="RunnerClass" name="runScenario" time="13.210">
    <failure message="expected [https://www.saucedemo.com/v1/inventory.html] but found [https://www.saucedemo.com/v1/]" type="java.lang.AssertionError">
      <![CDATA[java.lang.AssertionError: expected [https://www.saucedemo.com/v1/inventory.html] but found [https://www.saucedemo.com/v1/]
at org.testng.Assert.fail(Assert.java:111)
at org.testng.Assert.failNotEquals(Assert.java:1578)
at org.testng.Assert.assertEqualsImpl(Assert.java:150)
at org.testng.Assert.assertEquals(Assert.java:132)
at org.testng.Assert.assertEquals(Assert.java:656)
at org.testng.Assert.assertEquals(Assert.java:666)
at steps.LoginSteps.userShouldMoveToHomePage(LoginSteps.java:45)
at âœ½.user should move to home page(file:///C:/Users/WELCOME/eclipse-workspace/TestingDemoProject/src/test/java/Features/demo.feature:37)
]]>
    </failure>
  </testcase> <!-- runScenario -->
</testsuite> <!-- RunnerClass -->
